Connecting to database specified by database.yml
Compiled jquery.js  (3ms)  (pid 34705)
Compiled jquery_ujs.js  (0ms)  (pid 34705)
Compiled bootstrap-transition.js  (0ms)  (pid 34705)
Compiled bootstrap-affix.js  (0ms)  (pid 34705)
Compiled bootstrap-alert.js  (0ms)  (pid 34705)
Compiled bootstrap-button.js  (0ms)  (pid 34705)
Compiled bootstrap-carousel.js  (0ms)  (pid 34705)
Compiled bootstrap-collapse.js  (0ms)  (pid 34705)
Compiled bootstrap-dropdown.js  (0ms)  (pid 34705)
Compiled bootstrap-modal.js  (0ms)  (pid 34705)
Compiled bootstrap-scrollspy.js  (0ms)  (pid 34705)
Compiled bootstrap-tab.js  (0ms)  (pid 34705)
Compiled bootstrap-tooltip.js  (0ms)  (pid 34705)
Compiled bootstrap-popover.js  (0ms)  (pid 34705)
Compiled bootstrap-typeahead.js  (0ms)  (pid 34705)
Compiled bootstrap.js  (162ms)  (pid 34705)
Compiled tinymce/preinit.js  (1ms)  (pid 34705)
Compiled tinymce/tinymce.js  (31ms)  (pid 34705)
Compiled tinymce.js  (71ms)  (pid 34705)
Compiled answers.js  (344ms)  (pid 34705)
Compiled pages.js  (2ms)  (pid 34705)
Compiled questions.js  (0ms)  (pid 34705)
Compiled sessions.js  (0ms)  (pid 34705)
Compiled users.js  (0ms)  (pid 34705)
Compiled application.js  (746ms)  (pid 34705)
Compiled answers.css  (48ms)  (pid 34705)
Compiled custom.css  (2273ms)  (pid 34705)
Compiled pages.css  (4ms)  (pid 34705)
Compiled questions.css  (9ms)  (pid 34705)
Compiled sessions.css  (2ms)  (pid 34705)
Compiled users.css  (1ms)  (pid 34705)
Compiled application.css  (2437ms)  (pid 34705)
Connecting to database specified by database.yml
Compiled jquery.js  (1ms)  (pid 34705)
Compiled jquery_ujs.js  (0ms)  (pid 34705)
Compiled bootstrap-transition.js  (0ms)  (pid 34705)
Compiled bootstrap-affix.js  (0ms)  (pid 34705)
Compiled bootstrap-alert.js  (0ms)  (pid 34705)
Compiled bootstrap-button.js  (0ms)  (pid 34705)
Compiled bootstrap-carousel.js  (0ms)  (pid 34705)
Compiled bootstrap-collapse.js  (0ms)  (pid 34705)
Compiled bootstrap-dropdown.js  (0ms)  (pid 34705)
Compiled bootstrap-modal.js  (0ms)  (pid 34705)
Compiled bootstrap-scrollspy.js  (0ms)  (pid 34705)
Compiled bootstrap-tab.js  (0ms)  (pid 34705)
Compiled bootstrap-tooltip.js  (0ms)  (pid 34705)
Compiled bootstrap-popover.js  (0ms)  (pid 34705)
Compiled bootstrap-typeahead.js  (24ms)  (pid 34705)
Compiled bootstrap.js  (144ms)  (pid 34705)
Compiled tinymce/preinit.js  (0ms)  (pid 34705)
Compiled tinymce/tinymce.js  (6ms)  (pid 34705)
Compiled tinymce.js  (43ms)  (pid 34705)
Compiled answers.js  (58ms)  (pid 34705)
Compiled pages.js  (1ms)  (pid 34705)
Compiled questions.js  (0ms)  (pid 34705)
Compiled sessions.js  (0ms)  (pid 34705)
Compiled users.js  (0ms)  (pid 34705)
Compiled application.js  (292ms)  (pid 34705)
Compiled answers.css  (51ms)  (pid 34705)
Compiled custom.css  (2017ms)  (pid 34705)
Compiled pages.css  (2ms)  (pid 34705)
Compiled questions.css  (27ms)  (pid 34705)
Compiled sessions.css  (1ms)  (pid 34705)
Compiled users.css  (1ms)  (pid 34705)
Compiled application.css  (2131ms)  (pid 34705)
