19/11/2013 16:55:22 org.apache.solr.servlet.SolrDispatchFilter init
INFO: SolrDispatchFilter.init()
19/11/2013 16:55:22 org.apache.solr.core.SolrResourceLoader locateSolrHome
INFO: JNDI not configured for solr (NoInitialContextEx)
19/11/2013 16:55:22 org.apache.solr.core.SolrResourceLoader locateSolrHome
INFO: using system property solr.solr.home: /Users/brunoandrade/Desktop/meajudanisso/solr
19/11/2013 16:55:22 org.apache.solr.core.CoreContainer$Initializer initialize
INFO: looking for solr.xml: /Users/brunoandrade/Desktop/meajudanisso/solr/solr.xml
19/11/2013 16:55:22 org.apache.solr.core.CoreContainer <init>
INFO: New CoreContainer 533262289
19/11/2013 16:55:22 org.apache.solr.core.CoreContainer load
INFO: Loading CoreContainer using Solr Home: '/Users/brunoandrade/Desktop/meajudanisso/solr/'
19/11/2013 16:55:22 org.apache.solr.core.SolrResourceLoader <init>
INFO: new SolrResourceLoader for directory: '/Users/brunoandrade/Desktop/meajudanisso/solr/'
19/11/2013 16:55:22 org.apache.solr.handler.component.HttpShardHandlerFactory getParameter
INFO: Setting socketTimeout to: 0
19/11/2013 16:55:22 org.apache.solr.handler.component.HttpShardHandlerFactory getParameter
INFO: Setting urlScheme to: http://
19/11/2013 16:55:22 org.apache.solr.handler.component.HttpShardHandlerFactory getParameter
INFO: Setting connTimeout to: 0
19/11/2013 16:55:22 org.apache.solr.handler.component.HttpShardHandlerFactory getParameter
INFO: Setting maxConnectionsPerHost to: 20
19/11/2013 16:55:22 org.apache.solr.handler.component.HttpShardHandlerFactory getParameter
INFO: Setting corePoolSize to: 0
19/11/2013 16:55:22 org.apache.solr.handler.component.HttpShardHandlerFactory getParameter
INFO: Setting maximumPoolSize to: 2147483647
19/11/2013 16:55:22 org.apache.solr.handler.component.HttpShardHandlerFactory getParameter
INFO: Setting maxThreadIdleTime to: 5
19/11/2013 16:55:22 org.apache.solr.handler.component.HttpShardHandlerFactory getParameter
INFO: Setting sizeOfQueue to: -1
19/11/2013 16:55:22 org.apache.solr.handler.component.HttpShardHandlerFactory getParameter
INFO: Setting fairnessPolicy to: false
19/11/2013 16:55:22 org.apache.solr.client.solrj.impl.HttpClientUtil createClient
INFO: Creating new http client, config:maxConnectionsPerHost=20&maxConnections=10000&socketTimeout=0&connTimeout=0&retry=false
19/11/2013 16:55:22 org.apache.solr.core.CoreContainer load
INFO: Registering Log Listener
19/11/2013 16:55:22 org.apache.solr.core.CoreContainer create
INFO: Creating SolrCore 'default' using instanceDir: /Users/brunoandrade/Desktop/meajudanisso/solr/.
19/11/2013 16:55:22 org.apache.solr.core.SolrResourceLoader <init>
INFO: new SolrResourceLoader for directory: '/Users/brunoandrade/Desktop/meajudanisso/solr/./'
19/11/2013 16:55:22 org.apache.solr.core.CoreContainer create
INFO: Creating SolrCore 'development' using instanceDir: /Users/brunoandrade/Desktop/meajudanisso/solr/.
19/11/2013 16:55:22 org.apache.solr.core.SolrResourceLoader <init>
INFO: new SolrResourceLoader for directory: '/Users/brunoandrade/Desktop/meajudanisso/solr/./'
19/11/2013 16:55:22 org.apache.solr.core.CoreContainer create
INFO: Creating SolrCore 'test' using instanceDir: /Users/brunoandrade/Desktop/meajudanisso/solr/.
19/11/2013 16:55:22 org.apache.solr.core.SolrResourceLoader <init>
INFO: new SolrResourceLoader for directory: '/Users/brunoandrade/Desktop/meajudanisso/solr/./'
19/11/2013 16:55:22 org.apache.solr.core.SolrConfig <init>
INFO: Using Lucene MatchVersion: LUCENE_41
19/11/2013 16:55:22 org.apache.solr.core.SolrConfig <init>
INFO: Using Lucene MatchVersion: LUCENE_41
19/11/2013 16:55:22 org.apache.solr.core.SolrConfig <init>
INFO: Using Lucene MatchVersion: LUCENE_41
19/11/2013 16:55:22 org.apache.solr.core.SolrConfig <init>
INFO: Loaded SolrConfig: solrconfig.xml
19/11/2013 16:55:23 org.apache.solr.schema.IndexSchema readSchema
INFO: Reading Solr Schema
19/11/2013 16:55:23 org.apache.solr.core.SolrConfig <init>
INFO: Loaded SolrConfig: solrconfig.xml
19/11/2013 16:55:23 org.apache.solr.schema.IndexSchema readSchema
INFO: Reading Solr Schema
19/11/2013 16:55:23 org.apache.solr.core.SolrConfig <init>
INFO: Loaded SolrConfig: solrconfig.xml
19/11/2013 16:55:23 org.apache.solr.schema.IndexSchema readSchema
INFO: Reading Solr Schema
19/11/2013 16:55:23 org.apache.solr.schema.IndexSchema readSchema
INFO: Schema name=sunspot
19/11/2013 16:55:23 org.apache.solr.schema.IndexSchema readSchema
INFO: Schema name=sunspot
19/11/2013 16:55:23 org.apache.solr.schema.IndexSchema readSchema
INFO: Schema name=sunspot
19/11/2013 16:55:23 org.apache.solr.schema.IndexSchema readSchema
INFO: default search field in schema is text
19/11/2013 16:55:23 org.apache.solr.schema.IndexSchema readSchema
INFO: default search field in schema is text
19/11/2013 16:55:23 org.apache.solr.schema.IndexSchema readSchema
INFO: query parser default operator is AND
19/11/2013 16:55:23 org.apache.solr.schema.IndexSchema readSchema
INFO: query parser default operator is AND
19/11/2013 16:55:23 org.apache.solr.schema.IndexSchema readSchema
INFO: unique key field: id
19/11/2013 16:55:23 org.apache.solr.schema.IndexSchema readSchema
INFO: unique key field: id
19/11/2013 16:55:23 org.apache.solr.schema.IndexSchema readSchema
INFO: default search field in schema is text
19/11/2013 16:55:23 org.apache.solr.schema.IndexSchema readSchema
INFO: query parser default operator is AND
19/11/2013 16:55:23 org.apache.solr.schema.IndexSchema readSchema
INFO: unique key field: id
19/11/2013 16:55:23 org.apache.solr.core.SolrCore <init>
INFO: [test] Opening new SolrCore at /Users/brunoandrade/Desktop/meajudanisso/solr/./, dataDir=/Users/brunoandrade/Desktop/meajudanisso/solr/./test/data/
19/11/2013 16:55:23 org.apache.solr.core.SolrCore <init>
INFO: JMX monitoring not detected for core: test
19/11/2013 16:55:23 org.apache.solr.core.SolrCore <init>
INFO: [development] Opening new SolrCore at /Users/brunoandrade/Desktop/meajudanisso/solr/./, dataDir=/Users/brunoandrade/Desktop/meajudanisso/solr/./development/data/
19/11/2013 16:55:23 org.apache.solr.core.SolrCore <init>
INFO: JMX monitoring not detected for core: development
19/11/2013 16:55:23 org.apache.solr.core.SolrCore <init>
INFO: [default] Opening new SolrCore at /Users/brunoandrade/Desktop/meajudanisso/solr/./, dataDir=/Users/brunoandrade/Desktop/meajudanisso/solr/./default/data/
19/11/2013 16:55:23 org.apache.solr.core.SolrCore <init>
INFO: JMX monitoring not detected for core: default
19/11/2013 16:55:23 org.apache.solr.core.SolrCore initDirectoryFactory
INFO: solr.NRTCachingDirectoryFactory
19/11/2013 16:55:23 org.apache.solr.core.SolrCore initDirectoryFactory
INFO: solr.NRTCachingDirectoryFactory
19/11/2013 16:55:23 org.apache.solr.core.SolrCore initDirectoryFactory
INFO: solr.NRTCachingDirectoryFactory
19/11/2013 16:55:23 org.apache.solr.core.CachingDirectoryFactory get
INFO: return new directory for /Users/brunoandrade/Desktop/meajudanisso/solr/./test/data forceNew: false
19/11/2013 16:55:23 org.apache.solr.core.CachingDirectoryFactory get
INFO: return new directory for /Users/brunoandrade/Desktop/meajudanisso/solr/./default/data forceNew: false
19/11/2013 16:55:23 org.apache.solr.core.CachingDirectoryFactory get
INFO: return new directory for /Users/brunoandrade/Desktop/meajudanisso/solr/./development/data forceNew: false
19/11/2013 16:55:23 org.apache.solr.core.SolrCore getNewIndexDir
INFO: New index directory detected: old=null new=/Users/brunoandrade/Desktop/meajudanisso/solr/./default/data/index/
19/11/2013 16:55:23 org.apache.solr.core.SolrCore getNewIndexDir
INFO: New index directory detected: old=null new=/Users/brunoandrade/Desktop/meajudanisso/solr/./test/data/index/
19/11/2013 16:55:23 org.apache.solr.core.SolrCore getNewIndexDir
INFO: New index directory detected: old=null new=/Users/brunoandrade/Desktop/meajudanisso/solr/./development/data/index/
19/11/2013 16:55:23 org.apache.solr.core.SolrCore initIndex
AVISO: [test] Solr index directory '/Users/brunoandrade/Desktop/meajudanisso/solr/./test/data/index' doesn't exist. Creating new index...
19/11/2013 16:55:23 org.apache.solr.core.SolrCore initIndex
AVISO: [development] Solr index directory '/Users/brunoandrade/Desktop/meajudanisso/solr/./development/data/index' doesn't exist. Creating new index...
19/11/2013 16:55:23 org.apache.solr.core.SolrCore initIndex
AVISO: [default] Solr index directory '/Users/brunoandrade/Desktop/meajudanisso/solr/./default/data/index' doesn't exist. Creating new index...
19/11/2013 16:55:23 org.apache.solr.core.CachingDirectoryFactory get
INFO: return new directory for /Users/brunoandrade/Desktop/meajudanisso/solr/./default/data/index forceNew: false
19/11/2013 16:55:23 org.apache.solr.core.CachingDirectoryFactory get
INFO: return new directory for /Users/brunoandrade/Desktop/meajudanisso/solr/./test/data/index forceNew: false
19/11/2013 16:55:23 org.apache.solr.core.CachingDirectoryFactory get
INFO: return new directory for /Users/brunoandrade/Desktop/meajudanisso/solr/./development/data/index forceNew: false
19/11/2013 16:55:24 org.apache.solr.core.SolrDeletionPolicy onCommit
INFO: SolrDeletionPolicy.onCommit: commits:num=1
	commit{dir=NRTCachingDirectory(org.apache.lucene.store.NIOFSDirectory@/Users/brunoandrade/Desktop/meajudanisso/solr/default/data/index lockFactory=org.apache.lucene.store.NativeFSLockFactory@3852eef4; maxCacheMB=48.0 maxMergeSizeMB=4.0),segFN=segments_1,generation=1,filenames=[segments_1]
19/11/2013 16:55:24 org.apache.solr.core.SolrDeletionPolicy onCommit
INFO: SolrDeletionPolicy.onCommit: commits:num=1
	commit{dir=NRTCachingDirectory(org.apache.lucene.store.NIOFSDirectory@/Users/brunoandrade/Desktop/meajudanisso/solr/test/data/index lockFactory=org.apache.lucene.store.NativeFSLockFactory@4cc5f20f; maxCacheMB=48.0 maxMergeSizeMB=4.0),segFN=segments_1,generation=1,filenames=[segments_1]
19/11/2013 16:55:24 org.apache.solr.core.SolrDeletionPolicy updateCommits
INFO: newest commit = 1[segments_1]
19/11/2013 16:55:24 org.apache.solr.core.SolrDeletionPolicy onCommit
INFO: SolrDeletionPolicy.onCommit: commits:num=1
	commit{dir=NRTCachingDirectory(org.apache.lucene.store.NIOFSDirectory@/Users/brunoandrade/Desktop/meajudanisso/solr/development/data/index lockFactory=org.apache.lucene.store.NativeFSLockFactory@5796de29; maxCacheMB=48.0 maxMergeSizeMB=4.0),segFN=segments_1,generation=1,filenames=[segments_1]
19/11/2013 16:55:24 org.apache.solr.core.SolrDeletionPolicy updateCommits
INFO: newest commit = 1[segments_1]
19/11/2013 16:55:24 org.apache.solr.core.SolrDeletionPolicy updateCommits
INFO: newest commit = 1[segments_1]
19/11/2013 16:55:24 org.apache.solr.core.RequestHandlers initHandlersFromConfig
INFO: created /select: solr.SearchHandler
19/11/2013 16:55:24 org.apache.solr.core.RequestHandlers initHandlersFromConfig
INFO: created /query: solr.SearchHandler
19/11/2013 16:55:24 org.apache.solr.core.RequestHandlers initHandlersFromConfig
INFO: created /select: solr.SearchHandler
19/11/2013 16:55:24 org.apache.solr.core.RequestHandlers initHandlersFromConfig
INFO: created /query: solr.SearchHandler
19/11/2013 16:55:24 org.apache.solr.core.RequestHandlers initHandlersFromConfig
INFO: created /get: solr.RealTimeGetHandler
19/11/2013 16:55:24 org.apache.solr.core.RequestHandlers initHandlersFromConfig
INFO: created /get: solr.RealTimeGetHandler
19/11/2013 16:55:24 org.apache.solr.core.RequestHandlers initHandlersFromConfig
INFO: created /select: solr.SearchHandler
19/11/2013 16:55:24 org.apache.solr.core.RequestHandlers initHandlersFromConfig
INFO: created /query: solr.SearchHandler
19/11/2013 16:55:24 org.apache.solr.core.RequestHandlers initHandlersFromConfig
INFO: created /get: solr.RealTimeGetHandler
19/11/2013 16:55:24 org.apache.solr.core.RequestHandlers initHandlersFromConfig
INFO: created /update: solr.UpdateRequestHandler
19/11/2013 16:55:24 org.apache.solr.core.RequestHandlers initHandlersFromConfig
INFO: created /update: solr.UpdateRequestHandler
19/11/2013 16:55:24 org.apache.solr.core.RequestHandlers initHandlersFromConfig
INFO: created /update: solr.UpdateRequestHandler
19/11/2013 16:55:24 org.apache.solr.core.RequestHandlers initHandlersFromConfig
INFO: created /update/json: solr.JsonUpdateRequestHandler
19/11/2013 16:55:24 org.apache.solr.core.RequestHandlers initHandlersFromConfig
INFO: created /update/json: solr.JsonUpdateRequestHandler
19/11/2013 16:55:24 org.apache.solr.core.RequestHandlers initHandlersFromConfig
INFO: created /update/json: solr.JsonUpdateRequestHandler
19/11/2013 16:55:24 org.apache.solr.core.RequestHandlers initHandlersFromConfig
INFO: created /update/csv: solr.CSVRequestHandler
19/11/2013 16:55:24 org.apache.solr.core.RequestHandlers initHandlersFromConfig
INFO: adding lazy requestHandler: solr.extraction.ExtractingRequestHandler
19/11/2013 16:55:24 org.apache.solr.core.RequestHandlers initHandlersFromConfig
INFO: created /update/extract: solr.extraction.ExtractingRequestHandler
19/11/2013 16:55:24 org.apache.solr.core.RequestHandlers initHandlersFromConfig
INFO: created /update/csv: solr.CSVRequestHandler
19/11/2013 16:55:24 org.apache.solr.core.RequestHandlers initHandlersFromConfig
INFO: adding lazy requestHandler: solr.FieldAnalysisRequestHandler
19/11/2013 16:55:24 org.apache.solr.core.RequestHandlers initHandlersFromConfig
INFO: created /update/csv: solr.CSVRequestHandler
19/11/2013 16:55:24 org.apache.solr.core.RequestHandlers initHandlersFromConfig
INFO: created /analysis/field: solr.FieldAnalysisRequestHandler
19/11/2013 16:55:24 org.apache.solr.core.RequestHandlers initHandlersFromConfig
INFO: adding lazy requestHandler: solr.extraction.ExtractingRequestHandler
19/11/2013 16:55:24 org.apache.solr.core.RequestHandlers initHandlersFromConfig
INFO: adding lazy requestHandler: solr.DocumentAnalysisRequestHandler
19/11/2013 16:55:24 org.apache.solr.core.RequestHandlers initHandlersFromConfig
INFO: adding lazy requestHandler: solr.extraction.ExtractingRequestHandler
19/11/2013 16:55:24 org.apache.solr.core.RequestHandlers initHandlersFromConfig
INFO: created /analysis/document: solr.DocumentAnalysisRequestHandler
19/11/2013 16:55:24 org.apache.solr.core.RequestHandlers initHandlersFromConfig
INFO: created /update/extract: solr.extraction.ExtractingRequestHandler
19/11/2013 16:55:24 org.apache.solr.core.RequestHandlers initHandlersFromConfig
INFO: created /update/extract: solr.extraction.ExtractingRequestHandler
19/11/2013 16:55:24 org.apache.solr.core.RequestHandlers initHandlersFromConfig
INFO: adding lazy requestHandler: solr.FieldAnalysisRequestHandler
19/11/2013 16:55:24 org.apache.solr.core.RequestHandlers initHandlersFromConfig
INFO: adding lazy requestHandler: solr.FieldAnalysisRequestHandler
19/11/2013 16:55:24 org.apache.solr.core.RequestHandlers initHandlersFromConfig
INFO: created /analysis/field: solr.FieldAnalysisRequestHandler
19/11/2013 16:55:24 org.apache.solr.core.RequestHandlers initHandlersFromConfig
INFO: created /analysis/field: solr.FieldAnalysisRequestHandler
19/11/2013 16:55:24 org.apache.solr.core.RequestHandlers initHandlersFromConfig
INFO: adding lazy requestHandler: solr.DocumentAnalysisRequestHandler
19/11/2013 16:55:24 org.apache.solr.core.RequestHandlers initHandlersFromConfig
INFO: adding lazy requestHandler: solr.DocumentAnalysisRequestHandler
19/11/2013 16:55:24 org.apache.solr.core.RequestHandlers initHandlersFromConfig
INFO: created /analysis/document: solr.DocumentAnalysisRequestHandler
19/11/2013 16:55:24 org.apache.solr.core.RequestHandlers initHandlersFromConfig
INFO: created /analysis/document: solr.DocumentAnalysisRequestHandler
19/11/2013 16:55:24 org.apache.solr.core.RequestHandlers initHandlersFromConfig
INFO: created /admin/ping: solr.PingRequestHandler
19/11/2013 16:55:24 org.apache.solr.core.RequestHandlers initHandlersFromConfig
INFO: created /admin/ping: solr.PingRequestHandler
19/11/2013 16:55:24 org.apache.solr.core.RequestHandlers initHandlersFromConfig
INFO: created /admin/ping: solr.PingRequestHandler
19/11/2013 16:55:24 org.apache.solr.core.RequestHandlers initHandlersFromConfig
INFO: created /debug/dump: solr.DumpRequestHandler
19/11/2013 16:55:24 org.apache.solr.core.RequestHandlers initHandlersFromConfig
INFO: created /debug/dump: solr.DumpRequestHandler
19/11/2013 16:55:24 org.apache.solr.core.RequestHandlers initHandlersFromConfig
INFO: created /debug/dump: solr.DumpRequestHandler
19/11/2013 16:55:24 org.apache.solr.core.RequestHandlers initHandlersFromConfig
INFO: created /replication: solr.ReplicationHandler
19/11/2013 16:55:24 org.apache.solr.core.RequestHandlers initHandlersFromConfig
INFO: created /replication: solr.ReplicationHandler
19/11/2013 16:55:24 org.apache.solr.core.RequestHandlers initHandlersFromConfig
INFO: created /replication: solr.ReplicationHandler
19/11/2013 16:55:24 org.apache.solr.core.RequestHandlers initHandlersFromConfig
INFO: created /mlt: solr.MoreLikeThisHandler
19/11/2013 16:55:24 org.apache.solr.core.RequestHandlers initHandlersFromConfig
INFO: created /mlt: solr.MoreLikeThisHandler
19/11/2013 16:55:24 org.apache.solr.core.RequestHandlers initHandlersFromConfig
INFO: created /mlt: solr.MoreLikeThisHandler
19/11/2013 16:55:24 org.apache.solr.core.RequestHandlers initHandlersFromConfig
INFO: created /admin/: solr.admin.AdminHandlers
19/11/2013 16:55:24 org.apache.solr.core.RequestHandlers initHandlersFromConfig
INFO: created /admin/: solr.admin.AdminHandlers
19/11/2013 16:55:24 org.apache.solr.core.RequestHandlers initHandlersFromConfig
INFO: created /admin/: solr.admin.AdminHandlers
19/11/2013 16:55:24 org.apache.solr.handler.loader.XMLLoader init
INFO: xsltCacheLifetimeSeconds=60
19/11/2013 16:55:24 org.apache.solr.handler.loader.XMLLoader init
INFO: xsltCacheLifetimeSeconds=60
19/11/2013 16:55:24 org.apache.solr.handler.loader.XMLLoader init
INFO: xsltCacheLifetimeSeconds=60
19/11/2013 16:55:24 org.apache.solr.handler.loader.XMLLoader init
INFO: xsltCacheLifetimeSeconds=60
19/11/2013 16:55:24 org.apache.solr.handler.loader.XMLLoader init
INFO: xsltCacheLifetimeSeconds=60
19/11/2013 16:55:24 org.apache.solr.handler.loader.XMLLoader init
INFO: xsltCacheLifetimeSeconds=60
19/11/2013 16:55:24 org.apache.solr.handler.loader.XMLLoader init
INFO: xsltCacheLifetimeSeconds=60
19/11/2013 16:55:24 org.apache.solr.handler.loader.XMLLoader init
INFO: xsltCacheLifetimeSeconds=60
19/11/2013 16:55:24 org.apache.solr.handler.loader.XMLLoader init
INFO: xsltCacheLifetimeSeconds=60
19/11/2013 16:55:24 org.apache.solr.search.SolrIndexSearcher <init>
INFO: Opening Searcher@22f90137 main
19/11/2013 16:55:24 org.apache.solr.search.SolrIndexSearcher <init>
INFO: Opening Searcher@9bed3d1 main
19/11/2013 16:55:24 org.apache.solr.search.SolrIndexSearcher <init>
INFO: Opening Searcher@4f444356 main
19/11/2013 16:55:24 org.apache.solr.update.CommitTracker <init>
INFO: Hard AutoCommit: if uncommited for 15000ms; 
19/11/2013 16:55:24 org.apache.solr.update.CommitTracker <init>
INFO: Hard AutoCommit: if uncommited for 15000ms; 
19/11/2013 16:55:24 org.apache.solr.update.CommitTracker <init>
INFO: Hard AutoCommit: if uncommited for 15000ms; 
19/11/2013 16:55:24 org.apache.solr.update.CommitTracker <init>
INFO: Soft AutoCommit: if uncommited for 5000ms; 
19/11/2013 16:55:24 org.apache.solr.update.CommitTracker <init>
INFO: Soft AutoCommit: if uncommited for 5000ms; 
19/11/2013 16:55:24 org.apache.solr.update.CommitTracker <init>
INFO: Soft AutoCommit: if uncommited for 5000ms; 
19/11/2013 16:55:24 org.apache.solr.handler.component.SpellCheckComponent inform
INFO: Initializing spell checkers
19/11/2013 16:55:24 org.apache.solr.handler.component.SpellCheckComponent inform
INFO: Initializing spell checkers
19/11/2013 16:55:24 org.apache.solr.handler.component.SpellCheckComponent inform
INFO: Initializing spell checkers
19/11/2013 16:55:24 org.apache.solr.spelling.DirectSolrSpellChecker init
INFO: init: {name=default,field=name,classname=solr.DirectSolrSpellChecker,distanceMeasure=internal,accuracy=0.5,maxEdits=2,minPrefix=1,maxInspections=5,minQueryLength=4,maxQueryFrequency=0.01}
19/11/2013 16:55:24 org.apache.solr.spelling.DirectSolrSpellChecker init
INFO: init: {name=default,field=name,classname=solr.DirectSolrSpellChecker,distanceMeasure=internal,accuracy=0.5,maxEdits=2,minPrefix=1,maxInspections=5,minQueryLength=4,maxQueryFrequency=0.01}
19/11/2013 16:55:24 org.apache.solr.spelling.DirectSolrSpellChecker init
INFO: init: {name=default,field=name,classname=solr.DirectSolrSpellChecker,distanceMeasure=internal,accuracy=0.5,maxEdits=2,minPrefix=1,maxInspections=5,minQueryLength=4,maxQueryFrequency=0.01}
19/11/2013 16:55:24 org.apache.solr.handler.component.SpellCheckComponent inform
INFO: No queryConverter defined, using default converter
19/11/2013 16:55:24 org.apache.solr.handler.component.SpellCheckComponent inform
INFO: No queryConverter defined, using default converter
19/11/2013 16:55:24 org.apache.solr.handler.component.SpellCheckComponent inform
INFO: No queryConverter defined, using default converter
19/11/2013 16:55:24 org.apache.solr.handler.ReplicationHandler inform
INFO: Commits will be reserved for  10000
19/11/2013 16:55:24 org.apache.solr.handler.ReplicationHandler inform
INFO: Commits will be reserved for  10000
19/11/2013 16:55:24 org.apache.solr.handler.ReplicationHandler inform
INFO: Commits will be reserved for  10000
19/11/2013 16:55:24 org.apache.solr.core.SolrCore registerSearcher
INFO: [development] Registered new searcher Searcher@9bed3d1 main{StandardDirectoryReader(segments_1:1)}
19/11/2013 16:55:24 org.apache.solr.core.CoreContainer registerCore
INFO: registering core: test
19/11/2013 16:55:24 org.apache.solr.core.CoreContainer registerCore
INFO: registering core: development
19/11/2013 16:55:24 org.apache.solr.core.CoreContainer registerCore
INFO: registering core: default
19/11/2013 16:55:24 org.apache.solr.core.SolrCore registerSearcher
INFO: [test] Registered new searcher Searcher@4f444356 main{StandardDirectoryReader(segments_1:1)}
19/11/2013 16:55:24 org.apache.solr.core.SolrCore registerSearcher
INFO: [default] Registered new searcher Searcher@22f90137 main{StandardDirectoryReader(segments_1:1)}
19/11/2013 16:55:24 org.apache.solr.servlet.SolrDispatchFilter init
INFO: user.dir=/Users/brunoandrade/.rvm/gems/ruby-1.9.3-p448/bundler/gems/sunspot-4e6c7870e3aa/sunspot_solr/solr
19/11/2013 16:55:24 org.apache.solr.servlet.SolrDispatchFilter init
INFO: SolrDispatchFilter.init() done
19/11/2013 16:56:23 org.apache.solr.core.SolrCore execute
INFO: [development] webapp=/solr path=/select params={start=0&q=*:*&wt=ruby&fq=type:Question&rows=30} hits=0 status=0 QTime=28 
19/11/2013 16:56:50 org.apache.solr.core.SolrDeletionPolicy onInit
INFO: SolrDeletionPolicy.onInit: commits:num=1
	commit{dir=NRTCachingDirectory(org.apache.lucene.store.NIOFSDirectory@/Users/brunoandrade/Desktop/meajudanisso/solr/development/data/index lockFactory=org.apache.lucene.store.NativeFSLockFactory@5796de29; maxCacheMB=48.0 maxMergeSizeMB=4.0),segFN=segments_1,generation=1,filenames=[segments_1]
19/11/2013 16:56:50 org.apache.solr.core.SolrDeletionPolicy updateCommits
INFO: newest commit = 1[segments_1]
19/11/2013 16:56:50 org.apache.solr.update.processor.LogUpdateProcessor finish
INFO: [development] webapp=/solr path=/update params={wt=ruby} {add=[Question 20 (1452159701086109696)]} 0 129
19/11/2013 16:56:50 org.apache.solr.update.DirectUpdateHandler2 commit
INFO: start commit{,optimize=false,openSearcher=true,waitSearcher=true,expungeDeletes=false,softCommit=false,prepareCommit=false}
19/11/2013 16:56:50 org.apache.solr.core.SolrDeletionPolicy onCommit
INFO: SolrDeletionPolicy.onCommit: commits:num=2
	commit{dir=NRTCachingDirectory(org.apache.lucene.store.NIOFSDirectory@/Users/brunoandrade/Desktop/meajudanisso/solr/development/data/index lockFactory=org.apache.lucene.store.NativeFSLockFactory@5796de29; maxCacheMB=48.0 maxMergeSizeMB=4.0),segFN=segments_1,generation=1,filenames=[segments_1]
	commit{dir=NRTCachingDirectory(org.apache.lucene.store.NIOFSDirectory@/Users/brunoandrade/Desktop/meajudanisso/solr/development/data/index lockFactory=org.apache.lucene.store.NativeFSLockFactory@5796de29; maxCacheMB=48.0 maxMergeSizeMB=4.0),segFN=segments_2,generation=2,filenames=[_0.fnm, _0_Lucene41_0.doc, _0_Lucene41_0.pos, _0.nvd, segments_2, _0.fdx, _0.si, _0.nvm, _0_Lucene41_0.tim, _0.fdt, _0_Lucene41_0.tip]
19/11/2013 16:56:50 org.apache.solr.core.SolrDeletionPolicy updateCommits
INFO: newest commit = 2[_0.fnm, _0_Lucene41_0.doc, _0_Lucene41_0.pos, _0.nvd, segments_2, _0.fdx, _0.si, _0.nvm, _0_Lucene41_0.tim, _0.fdt, _0_Lucene41_0.tip]
19/11/2013 16:56:50 org.apache.solr.search.SolrIndexSearcher <init>
INFO: Opening Searcher@3403f5a0 main
19/11/2013 16:56:50 org.apache.solr.update.DirectUpdateHandler2 commit
INFO: end_commit_flush
19/11/2013 16:56:50 org.apache.solr.core.SolrCore registerSearcher
INFO: [development] Registered new searcher Searcher@3403f5a0 main{StandardDirectoryReader(segments_2:3 _0(4.2):C1)}
19/11/2013 16:56:50 org.apache.solr.update.processor.LogUpdateProcessor finish
INFO: [development] webapp=/solr path=/update params={wt=ruby} {commit=} 0 73
19/11/2013 16:56:54 org.apache.solr.core.SolrCore execute
INFO: [development] webapp=/solr path=/select params={start=0&q=*:*&wt=ruby&fq=type:Question&rows=30} hits=1 status=0 QTime=9 
19/11/2013 16:56:54 org.apache.solr.core.SolrCore execute
INFO: [development] webapp=/solr path=/select params={start=0&q=*:*&wt=ruby&fq=type:Question&rows=30} hits=1 status=0 QTime=1 
19/11/2013 16:56:54 org.apache.solr.core.SolrCore execute
INFO: [development] webapp=/solr path=/select params={start=0&q=*:*&wt=ruby&fq=type:Question&rows=30} hits=1 status=0 QTime=1 
19/11/2013 16:57:13 org.apache.solr.update.processor.LogUpdateProcessor finish
INFO: [development] webapp=/solr path=/update params={wt=ruby} {add=[Question 21 (1452159725944700928)]} 0 4
19/11/2013 16:57:13 org.apache.solr.update.DirectUpdateHandler2 commit
INFO: start commit{,optimize=false,openSearcher=true,waitSearcher=true,expungeDeletes=false,softCommit=false,prepareCommit=false}
19/11/2013 16:57:13 org.apache.solr.core.SolrDeletionPolicy onCommit
INFO: SolrDeletionPolicy.onCommit: commits:num=2
	commit{dir=NRTCachingDirectory(org.apache.lucene.store.NIOFSDirectory@/Users/brunoandrade/Desktop/meajudanisso/solr/development/data/index lockFactory=org.apache.lucene.store.NativeFSLockFactory@5796de29; maxCacheMB=48.0 maxMergeSizeMB=4.0),segFN=segments_2,generation=2,filenames=[_0.fnm, _0_Lucene41_0.doc, _0_Lucene41_0.pos, _0.nvd, segments_2, _0.fdx, _0.si, _0.nvm, _0_Lucene41_0.tim, _0.fdt, _0_Lucene41_0.tip]
	commit{dir=NRTCachingDirectory(org.apache.lucene.store.NIOFSDirectory@/Users/brunoandrade/Desktop/meajudanisso/solr/development/data/index lockFactory=org.apache.lucene.store.NativeFSLockFactory@5796de29; maxCacheMB=48.0 maxMergeSizeMB=4.0),segFN=segments_3,generation=3,filenames=[_1.nvm, _1_Lucene41_0.doc, _0.fnm, _0_Lucene41_0.pos, _1_Lucene41_0.tim, _1.nvd, _1_Lucene41_0.tip, _0.nvm, _1.fnm, _1.fdx, _1_Lucene41_0.pos, _1.fdt, _0_Lucene41_0.doc, _1.si, _0.nvd, _0.fdx, _0.si, _0_Lucene41_0.tim, segments_3, _0_Lucene41_0.tip, _0.fdt]
19/11/2013 16:57:13 org.apache.solr.core.SolrDeletionPolicy updateCommits
INFO: newest commit = 3[_1.nvm, _1_Lucene41_0.doc, _0.fnm, _0_Lucene41_0.pos, _1_Lucene41_0.tim, _1.nvd, _1_Lucene41_0.tip, _0.nvm, _1.fnm, _1.fdx, _1_Lucene41_0.pos, _1.fdt, _0_Lucene41_0.doc, _1.si, _0.nvd, _0.fdx, _0.si, _0_Lucene41_0.tim, segments_3, _0_Lucene41_0.tip, _0.fdt]
19/11/2013 16:57:13 org.apache.solr.search.SolrIndexSearcher <init>
INFO: Opening Searcher@12539a92 main
19/11/2013 16:57:13 org.apache.solr.core.SolrCore registerSearcher
INFO: [development] Registered new searcher Searcher@12539a92 main{StandardDirectoryReader(segments_3:5 _0(4.2):C1 _1(4.2):C1)}
19/11/2013 16:57:13 org.apache.solr.update.DirectUpdateHandler2 commit
INFO: end_commit_flush
19/11/2013 16:57:13 org.apache.solr.update.processor.LogUpdateProcessor finish
INFO: [development] webapp=/solr path=/update params={wt=ruby} {commit=} 0 25
19/11/2013 16:57:27 org.apache.solr.core.SolrCore execute
INFO: [development] webapp=/solr path=/select params={start=0&q=*:*&wt=ruby&fq=type:Question&rows=30} hits=2 status=0 QTime=1 
19/11/2013 16:57:28 org.apache.solr.core.SolrCore execute
INFO: [development] webapp=/solr path=/select params={start=0&q=*:*&wt=ruby&fq=type:Question&rows=30} hits=2 status=0 QTime=0 
19/11/2013 16:57:28 org.apache.solr.core.SolrCore execute
INFO: [development] webapp=/solr path=/select params={start=0&q=*:*&wt=ruby&fq=type:Question&rows=30} hits=2 status=0 QTime=0 
19/11/2013 16:57:46 org.apache.solr.core.SolrCore execute
INFO: [development] webapp=/solr path=/select params={start=0&q=*:*&wt=ruby&fq=type:Question&rows=30} hits=2 status=0 QTime=1 
19/11/2013 16:57:52 org.apache.solr.core.SolrCore execute
INFO: [development] webapp=/solr path=/select params={start=0&q=*:*&wt=ruby&fq=type:Question&rows=30} hits=2 status=0 QTime=0 
19/11/2013 16:58:06 org.apache.solr.core.SolrCore execute
INFO: [development] webapp=/solr path=/select params={start=0&q=*:*&wt=ruby&fq=type:Question&rows=30} hits=2 status=0 QTime=1 
19/11/2013 17:00:42 org.apache.solr.core.SolrCore execute
INFO: [development] webapp=/solr path=/select params={start=0&q=*:*&wt=ruby&fq=type:Question&rows=30} hits=2 status=0 QTime=1 
19/11/2013 17:00:43 org.apache.solr.core.SolrCore execute
INFO: [development] webapp=/solr path=/select params={start=0&q=*:*&wt=ruby&fq=type:Question&rows=30} hits=2 status=0 QTime=0 
19/11/2013 17:00:49 org.apache.solr.core.SolrCore execute
INFO: [development] webapp=/solr path=/select params={start=0&q=*:*&wt=ruby&fq=type:Question&rows=30} hits=2 status=0 QTime=0 
19/11/2013 17:00:55 org.apache.solr.core.SolrCore execute
INFO: [development] webapp=/solr path=/select params={start=0&q=*:*&wt=ruby&fq=type:Question&rows=30} hits=2 status=0 QTime=0 
19/11/2013 17:02:05 org.apache.solr.core.SolrCore execute
INFO: [development] webapp=/solr path=/select params={start=0&q=*:*&wt=ruby&fq=type:Question&rows=30} hits=2 status=0 QTime=0 
19/11/2013 17:02:47 org.apache.solr.core.SolrCore execute
INFO: [development] webapp=/solr path=/select params={start=0&q=*:*&wt=ruby&fq=type:Question&rows=30} hits=2 status=0 QTime=1 
19/11/2013 17:03:27 org.apache.solr.core.SolrCore execute
INFO: [development] webapp=/solr path=/select params={start=0&q=*:*&wt=ruby&fq=type:Question&rows=30} hits=2 status=0 QTime=1 
19/11/2013 17:04:47 org.apache.solr.core.SolrCore execute
INFO: [development] webapp=/solr path=/select params={start=0&q=*:*&wt=ruby&fq=type:Question&rows=30} hits=2 status=0 QTime=1 
19/11/2013 17:04:52 org.apache.solr.core.SolrCore execute
INFO: [development] webapp=/solr path=/select params={start=0&q=*:*&wt=ruby&fq=type:Question&rows=30} hits=2 status=0 QTime=0 
19/11/2013 17:05:34 org.apache.solr.core.SolrCore execute
INFO: [development] webapp=/solr path=/select params={start=0&q=*:*&wt=ruby&fq=type:Question&rows=30} hits=2 status=0 QTime=0 
19/11/2013 17:06:07 org.apache.solr.core.SolrCore execute
INFO: [development] webapp=/solr path=/select params={fl=*+score&start=0&q=d&qf=titulo_text+conteudo_text+tags_text+answers_text&wt=ruby&fq=type:Question&rows=30&defType=edismax} hits=0 status=0 QTime=11 
19/11/2013 17:06:11 org.apache.solr.core.SolrCore execute
INFO: [development] webapp=/solr path=/select params={fl=*+score&start=0&q=a&qf=titulo_text+conteudo_text+tags_text+answers_text&wt=ruby&fq=type:Question&rows=30&defType=edismax} hits=1 status=0 QTime=4 
19/11/2013 17:06:15 org.apache.solr.core.SolrCore execute
INFO: [development] webapp=/solr path=/select params={fl=*+score&start=0&q=d&qf=titulo_text+conteudo_text+tags_text+answers_text&wt=ruby&fq=type:Question&rows=30&defType=edismax} hits=0 status=0 QTime=1 
19/11/2013 17:07:17 org.apache.solr.core.SolrCore execute
INFO: [development] webapp=/solr path=/select params={fl=*+score&start=0&q=d&qf=titulo_text+conteudo_text+tags_text+answers_text&wt=ruby&fq=type:Question&rows=30&defType=edismax} hits=0 status=0 QTime=1 
19/11/2013 17:07:23 org.apache.solr.core.SolrCore execute
INFO: [development] webapp=/solr path=/select params={fl=*+score&start=0&q=d&qf=titulo_text+conteudo_text+tags_text+answers_text&wt=ruby&fq=type:Question&rows=30&defType=edismax} hits=0 status=0 QTime=2 
19/11/2013 17:08:45 org.apache.solr.core.SolrCore execute
INFO: [development] webapp=/solr path=/select params={fl=*+score&start=0&q=d&qf=titulo_text+conteudo_text+tags_text+answers_text&wt=ruby&fq=type:Question&rows=30&defType=edismax} hits=0 status=0 QTime=1 
19/11/2013 17:09:11 org.apache.solr.core.SolrCore execute
INFO: [development] webapp=/solr path=/select params={fl=*+score&start=0&q=d&qf=titulo_text+conteudo_text+tags_text+answers_text&wt=ruby&fq=type:Question&rows=30&defType=edismax} hits=0 status=0 QTime=1 
19/11/2013 17:09:18 org.apache.solr.core.SolrCore execute
INFO: [development] webapp=/solr path=/select params={fl=*+score&start=0&q=d&qf=titulo_text+conteudo_text+tags_text+answers_text&wt=ruby&fq=type:Question&rows=30&defType=edismax} hits=0 status=0 QTime=1 
19/11/2013 17:09:24 org.apache.solr.core.SolrCore execute
INFO: [development] webapp=/solr path=/select params={fl=*+score&start=0&q=d&qf=titulo_text+conteudo_text+tags_text+answers_text&wt=ruby&fq=type:Question&rows=30&defType=edismax} hits=0 status=0 QTime=2 
19/11/2013 17:09:27 org.apache.solr.core.SolrCore execute
INFO: [development] webapp=/solr path=/select params={start=0&q=*:*&wt=ruby&fq=type:Question&rows=30} hits=2 status=0 QTime=0 
19/11/2013 17:09:40 org.apache.solr.core.SolrCore execute
INFO: [development] webapp=/solr path=/select params={start=0&q=*:*&wt=ruby&fq=type:Question&rows=30} hits=2 status=0 QTime=1 
19/11/2013 17:10:07 org.apache.solr.core.SolrCore execute
INFO: [development] webapp=/solr path=/select params={start=0&q=*:*&wt=ruby&fq=type:Question&rows=30} hits=2 status=0 QTime=1 
19/11/2013 17:10:18 org.apache.solr.core.SolrCore execute
INFO: [development] webapp=/solr path=/select params={start=0&q=*:*&wt=ruby&fq=type:Question&rows=30} hits=2 status=0 QTime=1 
19/11/2013 17:10:28 org.apache.solr.core.SolrCore execute
INFO: [development] webapp=/solr path=/select params={start=0&q=*:*&wt=ruby&fq=type:Question&rows=30} hits=2 status=0 QTime=0 
19/11/2013 17:10:43 org.apache.solr.core.SolrCore execute
INFO: [development] webapp=/solr path=/select params={start=0&q=*:*&wt=ruby&fq=type:Question&rows=30} hits=2 status=0 QTime=1 
19/11/2013 17:11:01 org.apache.solr.core.SolrCore execute
INFO: [development] webapp=/solr path=/select params={start=0&q=*:*&wt=ruby&fq=type:Question&rows=30} hits=2 status=0 QTime=0 
19/11/2013 17:11:33 org.apache.solr.core.SolrCore execute
INFO: [development] webapp=/solr path=/select params={start=0&q=*:*&wt=ruby&fq=type:Question&rows=30} hits=2 status=0 QTime=1 
19/11/2013 17:11:43 org.apache.solr.core.SolrCore execute
INFO: [development] webapp=/solr path=/select params={start=0&q=*:*&wt=ruby&fq=type:Question&rows=30} hits=2 status=0 QTime=0 
19/11/2013 17:11:54 org.apache.solr.core.SolrCore execute
INFO: [development] webapp=/solr path=/select params={start=0&q=*:*&wt=ruby&fq=type:Question&rows=30} hits=2 status=0 QTime=0 
19/11/2013 17:12:06 org.apache.solr.core.SolrCore execute
INFO: [development] webapp=/solr path=/select params={start=0&q=*:*&wt=ruby&fq=type:Question&rows=30} hits=2 status=0 QTime=1 
19/11/2013 17:12:56 org.apache.solr.update.processor.LogUpdateProcessor finish
INFO: [development] webapp=/solr path=/update params={wt=ruby} {add=[Question 22 (1452160714701537280)]} 0 4
19/11/2013 17:12:56 org.apache.solr.update.DirectUpdateHandler2 commit
INFO: start commit{,optimize=false,openSearcher=true,waitSearcher=true,expungeDeletes=false,softCommit=false,prepareCommit=false}
19/11/2013 17:12:56 org.apache.solr.core.SolrDeletionPolicy onCommit
INFO: SolrDeletionPolicy.onCommit: commits:num=2
	commit{dir=NRTCachingDirectory(org.apache.lucene.store.NIOFSDirectory@/Users/brunoandrade/Desktop/meajudanisso/solr/development/data/index lockFactory=org.apache.lucene.store.NativeFSLockFactory@5796de29; maxCacheMB=48.0 maxMergeSizeMB=4.0),segFN=segments_3,generation=3,filenames=[_1.nvm, _1_Lucene41_0.doc, _0.fnm, _0_Lucene41_0.pos, _1_Lucene41_0.tim, _1.nvd, _1_Lucene41_0.tip, _0.nvm, _1.fnm, _1.fdx, _1_Lucene41_0.pos, _1.fdt, _0_Lucene41_0.doc, _1.si, _0.nvd, _0.fdx, _0.si, _0_Lucene41_0.tim, segments_3, _0_Lucene41_0.tip, _0.fdt]
	commit{dir=NRTCachingDirectory(org.apache.lucene.store.NIOFSDirectory@/Users/brunoandrade/Desktop/meajudanisso/solr/development/data/index lockFactory=org.apache.lucene.store.NativeFSLockFactory@5796de29; maxCacheMB=48.0 maxMergeSizeMB=4.0),segFN=segments_4,generation=4,filenames=[_2_Lucene41_0.pos, _2.si, _1_Lucene41_0.doc, _2_Lucene41_0.tim, _0_Lucene41_0.pos, _2_Lucene41_0.tip, _1.fnm, _0.nvd, _0.si, _0_Lucene41_0.tim, _0_Lucene41_0.tip, _1.nvm, _0.fnm, _1_Lucene41_0.tim, _1.nvd, _2.fdt, _1_Lucene41_0.tip, _2_Lucene41_0.doc, _0.nvm, _2.fdx, _2.fnm, _1_Lucene41_0.pos, _1.fdx, _2.nvm, _0_Lucene41_0.doc, _1.fdt, _1.si, _2.nvd, _0.fdx, _0.fdt, segments_4]
19/11/2013 17:12:56 org.apache.solr.core.SolrDeletionPolicy updateCommits
INFO: newest commit = 4[_2_Lucene41_0.pos, _2.si, _1_Lucene41_0.doc, _2_Lucene41_0.tim, _0_Lucene41_0.pos, _2_Lucene41_0.tip, _1.fnm, _0.nvd, _0.si, _0_Lucene41_0.tim, _0_Lucene41_0.tip, _1.nvm, _0.fnm, _1_Lucene41_0.tim, _1.nvd, _2.fdt, _1_Lucene41_0.tip, _2_Lucene41_0.doc, _0.nvm, _2.fdx, _2.fnm, _1_Lucene41_0.pos, _1.fdx, _2.nvm, _0_Lucene41_0.doc, _1.fdt, _1.si, _2.nvd, _0.fdx, _0.fdt, segments_4]
19/11/2013 17:12:56 org.apache.solr.search.SolrIndexSearcher <init>
INFO: Opening Searcher@74ae8af4 main
19/11/2013 17:12:56 org.apache.solr.update.DirectUpdateHandler2 commit
INFO: end_commit_flush
19/11/2013 17:12:56 org.apache.solr.core.SolrCore registerSearcher
INFO: [development] Registered new searcher Searcher@74ae8af4 main{StandardDirectoryReader(segments_4:7 _0(4.2):C1 _1(4.2):C1 _2(4.2):C1)}
19/11/2013 17:12:56 org.apache.solr.update.processor.LogUpdateProcessor finish
INFO: [development] webapp=/solr path=/update params={wt=ruby} {commit=} 0 28
19/11/2013 17:13:02 org.apache.solr.core.SolrCore execute
INFO: [development] webapp=/solr path=/select params={start=0&q=*:*&wt=ruby&fq=type:Question&rows=30} hits=3 status=0 QTime=2 
19/11/2013 17:13:02 org.apache.solr.core.SolrCore execute
INFO: [development] webapp=/solr path=/select params={start=0&q=*:*&wt=ruby&fq=type:Question&rows=30} hits=3 status=0 QTime=1 
19/11/2013 17:15:34 org.apache.solr.core.SolrCore execute
INFO: [development] webapp=/solr path=/select params={start=0&q=*:*&wt=ruby&fq=type:Question&rows=30} hits=3 status=0 QTime=1 
19/11/2013 17:15:51 org.apache.solr.core.SolrCore execute
INFO: [development] webapp=/solr path=/select params={start=0&q=*:*&wt=ruby&fq=type:Question&rows=30} hits=3 status=0 QTime=1 
19/11/2013 17:17:08 org.apache.solr.core.SolrCore execute
INFO: [development] webapp=/solr path=/select params={start=0&q=*:*&wt=ruby&fq=type:Question&rows=30} hits=3 status=0 QTime=0 
19/11/2013 17:25:47 org.apache.solr.core.SolrCore execute
INFO: [development] webapp=/solr path=/select params={start=0&q=*:*&wt=ruby&fq=type:Question&rows=30} hits=3 status=0 QTime=1 
19/11/2013 18:36:52 org.apache.solr.update.processor.LogUpdateProcessor finish
INFO: [development] webapp=/solr path=/update params={wt=ruby} {add=[Question 23 (1452165994872045568)]} 0 4
19/11/2013 18:36:52 org.apache.solr.update.DirectUpdateHandler2 commit
INFO: start commit{,optimize=false,openSearcher=true,waitSearcher=true,expungeDeletes=false,softCommit=false,prepareCommit=false}
19/11/2013 18:36:52 org.apache.solr.core.SolrDeletionPolicy onCommit
INFO: SolrDeletionPolicy.onCommit: commits:num=2
	commit{dir=NRTCachingDirectory(org.apache.lucene.store.NIOFSDirectory@/Users/brunoandrade/Desktop/meajudanisso/solr/development/data/index lockFactory=org.apache.lucene.store.NativeFSLockFactory@5796de29; maxCacheMB=48.0 maxMergeSizeMB=4.0),segFN=segments_4,generation=4,filenames=[_2_Lucene41_0.pos, _2.si, _1_Lucene41_0.doc, _2_Lucene41_0.tim, _0_Lucene41_0.pos, _2_Lucene41_0.tip, _1.fnm, _0.nvd, _0.si, _0_Lucene41_0.tim, _0_Lucene41_0.tip, _1.nvm, _0.fnm, _1_Lucene41_0.tim, _1.nvd, _2.fdt, _1_Lucene41_0.tip, _2_Lucene41_0.doc, _0.nvm, _2.fdx, _2.fnm, _1_Lucene41_0.pos, _1.fdx, _2.nvm, _0_Lucene41_0.doc, _1.fdt, _1.si, _2.nvd, _0.fdx, _0.fdt, segments_4]
	commit{dir=NRTCachingDirectory(org.apache.lucene.store.NIOFSDirectory@/Users/brunoandrade/Desktop/meajudanisso/solr/development/data/index lockFactory=org.apache.lucene.store.NativeFSLockFactory@5796de29; maxCacheMB=48.0 maxMergeSizeMB=4.0),segFN=segments_5,generation=5,filenames=[_2_Lucene41_0.pos, _2.si, _1_Lucene41_0.doc, _2_Lucene41_0.tim, _0_Lucene41_0.pos, _3.fdt, _3.fnm, _2_Lucene41_0.tip, _1.fnm, _3.nvd, _3_Lucene41_0.pos, _3_Lucene41_0.tip, _0.nvd, _3_Lucene41_0.tim, _3.nvm, _0.si, _0_Lucene41_0.tim, _0_Lucene41_0.tip, _1.nvm, _0.fnm, _1_Lucene41_0.tim, _1.nvd, _2.fdt, _1_Lucene41_0.tip, _2_Lucene41_0.doc, _0.nvm, _2.fdx, _2.fnm, _3.fdx, _1_Lucene41_0.pos, _1.fdx, _2.nvm, _3_Lucene41_0.doc, _0_Lucene41_0.doc, _1.fdt, _1.si, _2.nvd, _3.si, _0.fdx, segments_5, _0.fdt]
19/11/2013 18:36:52 org.apache.solr.core.SolrDeletionPolicy updateCommits
INFO: newest commit = 5[_2_Lucene41_0.pos, _2.si, _1_Lucene41_0.doc, _2_Lucene41_0.tim, _0_Lucene41_0.pos, _3.fdt, _3.fnm, _2_Lucene41_0.tip, _1.fnm, _3.nvd, _3_Lucene41_0.pos, _3_Lucene41_0.tip, _0.nvd, _3_Lucene41_0.tim, _3.nvm, _0.si, _0_Lucene41_0.tim, _0_Lucene41_0.tip, _1.nvm, _0.fnm, _1_Lucene41_0.tim, _1.nvd, _2.fdt, _1_Lucene41_0.tip, _2_Lucene41_0.doc, _0.nvm, _2.fdx, _2.fnm, _3.fdx, _1_Lucene41_0.pos, _1.fdx, _2.nvm, _3_Lucene41_0.doc, _0_Lucene41_0.doc, _1.fdt, _1.si, _2.nvd, _3.si, _0.fdx, segments_5, _0.fdt]
19/11/2013 18:36:52 org.apache.solr.search.SolrIndexSearcher <init>
INFO: Opening Searcher@7f25b750 main
19/11/2013 18:36:52 org.apache.solr.core.SolrCore registerSearcher
INFO: [development] Registered new searcher Searcher@7f25b750 main{StandardDirectoryReader(segments_5:9 _0(4.2):C1 _1(4.2):C1 _2(4.2):C1 _3(4.2):C1)}
19/11/2013 18:36:52 org.apache.solr.update.DirectUpdateHandler2 commit
INFO: end_commit_flush
19/11/2013 18:36:52 org.apache.solr.update.processor.LogUpdateProcessor finish
INFO: [development] webapp=/solr path=/update params={wt=ruby} {commit=} 0 136
19/11/2013 18:47:46 org.apache.solr.update.processor.LogUpdateProcessor finish
INFO: [development] webapp=/solr path=/update params={wt=ruby} {add=[Question 24 (1452166680998313984)]} 0 3
19/11/2013 18:47:46 org.apache.solr.update.DirectUpdateHandler2 commit
INFO: start commit{,optimize=false,openSearcher=true,waitSearcher=true,expungeDeletes=false,softCommit=false,prepareCommit=false}
19/11/2013 18:47:46 org.apache.solr.core.SolrDeletionPolicy onCommit
INFO: SolrDeletionPolicy.onCommit: commits:num=2
	commit{dir=NRTCachingDirectory(org.apache.lucene.store.NIOFSDirectory@/Users/brunoandrade/Desktop/meajudanisso/solr/development/data/index lockFactory=org.apache.lucene.store.NativeFSLockFactory@5796de29; maxCacheMB=48.0 maxMergeSizeMB=4.0),segFN=segments_5,generation=5,filenames=[_2_Lucene41_0.pos, _2.si, _1_Lucene41_0.doc, _2_Lucene41_0.tim, _0_Lucene41_0.pos, _3.fdt, _3.fnm, _2_Lucene41_0.tip, _1.fnm, _3.nvd, _3_Lucene41_0.pos, _3_Lucene41_0.tip, _0.nvd, _3_Lucene41_0.tim, _3.nvm, _0.si, _0_Lucene41_0.tim, _0_Lucene41_0.tip, _1.nvm, _0.fnm, _1_Lucene41_0.tim, _1.nvd, _2.fdt, _1_Lucene41_0.tip, _2_Lucene41_0.doc, _0.nvm, _2.fdx, _2.fnm, _3.fdx, _1_Lucene41_0.pos, _1.fdx, _2.nvm, _3_Lucene41_0.doc, _0_Lucene41_0.doc, _1.fdt, _1.si, _2.nvd, _3.si, _0.fdx, segments_5, _0.fdt]
	commit{dir=NRTCachingDirectory(org.apache.lucene.store.NIOFSDirectory@/Users/brunoandrade/Desktop/meajudanisso/solr/development/data/index lockFactory=org.apache.lucene.store.NativeFSLockFactory@5796de29; maxCacheMB=48.0 maxMergeSizeMB=4.0),segFN=segments_6,generation=6,filenames=[_5.fdt, _5.fnm, _5_Lucene41_0.tim, _4_Lucene41_0.doc, _5_Lucene41_0.pos, _5_Lucene41_0.tip, _4.fnm, _4.fdt, _4.si, _4_Lucene41_0.tip, _4_Lucene41_0.tim, _4.fdx, _5.si, _5.nvm, _4.nvd, _5_Lucene41_0.doc, _5.fdx, _4_Lucene41_0.pos, _5.nvd, segments_6, _4.nvm]
19/11/2013 18:47:46 org.apache.solr.core.SolrDeletionPolicy updateCommits
INFO: newest commit = 6[_5.fdt, _5.fnm, _5_Lucene41_0.tim, _4_Lucene41_0.doc, _5_Lucene41_0.pos, _5_Lucene41_0.tip, _4.fnm, _4.fdt, _4.si, _4_Lucene41_0.tip, _4_Lucene41_0.tim, _4.fdx, _5.si, _5.nvm, _4.nvd, _5_Lucene41_0.doc, _5.fdx, _4_Lucene41_0.pos, _5.nvd, segments_6, _4.nvm]
19/11/2013 18:47:46 org.apache.solr.search.SolrIndexSearcher <init>
INFO: Opening Searcher@5a4e229e main
19/11/2013 18:47:46 org.apache.solr.core.SolrCore registerSearcher
INFO: [development] Registered new searcher Searcher@5a4e229e main{StandardDirectoryReader(segments_6:13 _4(4.2):C4 _5(4.2):C1)}
19/11/2013 18:47:46 org.apache.solr.update.DirectUpdateHandler2 commit
INFO: end_commit_flush
19/11/2013 18:47:46 org.apache.solr.update.processor.LogUpdateProcessor finish
INFO: [development] webapp=/solr path=/update params={wt=ruby} {commit=} 0 112
19/11/2013 18:48:03 org.apache.solr.update.processor.LogUpdateProcessor finish
INFO: [development] webapp=/solr path=/update params={wt=ruby} {add=[Question 24 (1452166698977198080)]} 0 3
19/11/2013 18:48:04 org.apache.solr.update.DirectUpdateHandler2 commit
INFO: start commit{,optimize=false,openSearcher=true,waitSearcher=true,expungeDeletes=false,softCommit=false,prepareCommit=false}
19/11/2013 18:48:04 org.apache.solr.core.SolrDeletionPolicy onCommit
INFO: SolrDeletionPolicy.onCommit: commits:num=2
	commit{dir=NRTCachingDirectory(org.apache.lucene.store.NIOFSDirectory@/Users/brunoandrade/Desktop/meajudanisso/solr/development/data/index lockFactory=org.apache.lucene.store.NativeFSLockFactory@5796de29; maxCacheMB=48.0 maxMergeSizeMB=4.0),segFN=segments_6,generation=6,filenames=[_5.fdt, _5.fnm, _5_Lucene41_0.tim, _4_Lucene41_0.doc, _5_Lucene41_0.pos, _5_Lucene41_0.tip, _4.fnm, _4.fdt, _4.si, _4_Lucene41_0.tip, _4_Lucene41_0.tim, _4.fdx, _5.si, _5.nvm, _4.nvd, _5_Lucene41_0.doc, _5.fdx, _4_Lucene41_0.pos, _5.nvd, segments_6, _4.nvm]
	commit{dir=NRTCachingDirectory(org.apache.lucene.store.NIOFSDirectory@/Users/brunoandrade/Desktop/meajudanisso/solr/development/data/index lockFactory=org.apache.lucene.store.NativeFSLockFactory@5796de29; maxCacheMB=48.0 maxMergeSizeMB=4.0),segFN=segments_7,generation=7,filenames=[_6.nvd, _4_Lucene41_0.doc, _6.fdx, _6_Lucene41_0.doc, _4.fnm, _6.nvm, _6_Lucene41_0.tim, _4.fdt, _4.si, _6_Lucene41_0.tip, _4_Lucene41_0.tip, _4_Lucene41_0.tim, _4.fdx, segments_7, _4.nvd, _6.si, _6.fnm, _4_Lucene41_0.pos, _6.fdt, _6_Lucene41_0.pos, _4.nvm]
19/11/2013 18:48:04 org.apache.solr.core.SolrDeletionPolicy updateCommits
INFO: newest commit = 7[_6.nvd, _4_Lucene41_0.doc, _6.fdx, _6_Lucene41_0.doc, _4.fnm, _6.nvm, _6_Lucene41_0.tim, _4.fdt, _4.si, _6_Lucene41_0.tip, _4_Lucene41_0.tip, _4_Lucene41_0.tim, _4.fdx, segments_7, _4.nvd, _6.si, _6.fnm, _4_Lucene41_0.pos, _6.fdt, _6_Lucene41_0.pos, _4.nvm]
19/11/2013 18:48:04 org.apache.solr.search.SolrIndexSearcher <init>
INFO: Opening Searcher@13e9d0cc main
19/11/2013 18:48:04 org.apache.solr.core.SolrCore registerSearcher
INFO: [development] Registered new searcher Searcher@13e9d0cc main{StandardDirectoryReader(segments_7:17 _4(4.2):C4 _6(4.2):C1)}
19/11/2013 18:48:04 org.apache.solr.update.DirectUpdateHandler2 commit
INFO: end_commit_flush
19/11/2013 18:48:04 org.apache.solr.update.processor.LogUpdateProcessor finish
INFO: [development] webapp=/solr path=/update params={wt=ruby} {commit=} 0 54
19/11/2013 18:50:33 org.apache.solr.core.SolrCore execute
INFO: [development] webapp=/solr path=/select params={start=0&q=*:*&wt=ruby&fq=type:Question&rows=30} hits=5 status=0 QTime=4 
19/11/2013 18:51:03 org.apache.solr.core.SolrCore execute
INFO: [development] webapp=/solr path=/select params={start=0&q=*:*&wt=ruby&fq=type:Question&rows=30} hits=5 status=0 QTime=0 
19/11/2013 18:53:41 org.apache.solr.core.SolrCore execute
INFO: [development] webapp=/solr path=/select params={start=0&q=*:*&wt=ruby&fq=type:Question&rows=30} hits=5 status=0 QTime=0 
19/11/2013 18:57:48 org.apache.solr.core.SolrCore execute
INFO: [development] webapp=/solr path=/select params={start=0&q=*:*&wt=ruby&fq=type:Question&rows=30} hits=5 status=0 QTime=1 
